<?xml version="1.0" encoding="UTF-8"?>
<testng-results skipped="0" failed="0" total="2" passed="2">
  <reporter-output>
  </reporter-output>
  <suite name="Suite1" duration-ms="15634" started-at="2016-02-08T10:42:20Z" finished-at="2016-02-08T10:42:36Z">
    <groups>
    </groups>
    <test name="Regression1" duration-ms="15634" started-at="2016-02-08T10:42:20Z" finished-at="2016-02-08T10:42:36Z">
      <class name="xmml.headerlinks">
        <test-method status="PASS" signature="beforeTest()[pri:0, instance:xmml.headerlinks@5d3411d]" name="beforeTest" is-config="true" duration-ms="9500" started-at="2016-02-08T16:12:20Z" finished-at="2016-02-08T16:12:29Z">
          <reporter-output>
          </reporter-output>
        </test-method> <!-- beforeTest -->
        <test-method status="PASS" signature="a()[pri:0, instance:xmml.headerlinks@5d3411d]" name="a" duration-ms="11" started-at="2016-02-08T16:12:29Z" finished-at="2016-02-08T16:12:29Z">
          <reporter-output>
          </reporter-output>
        </test-method> <!-- a -->
        <test-method status="PASS" signature="f()[pri:0, instance:xmml.headerlinks@5d3411d]" name="f" duration-ms="5649" started-at="2016-02-08T16:12:29Z" finished-at="2016-02-08T16:12:35Z">
          <reporter-output>
          </reporter-output>
        </test-method> <!-- f -->
        <test-method status="PASS" signature="afterTest()[pri:0, instance:xmml.headerlinks@5d3411d]" name="afterTest" is-config="true" duration-ms="456" started-at="2016-02-08T16:12:35Z" finished-at="2016-02-08T16:12:36Z">
          <reporter-output>
          </reporter-output>
        </test-method> <!-- afterTest -->
      </class> <!-- xmml.headerlinks -->
    </test> <!-- Regression1 -->
  </suite> <!-- Suite1 -->
</testng-results>
